[0.572s] Invoking command in '/home/abubakar/nao_drive/naodriver': PYTHONPATH=/home/abubakar/nao_drive/naodriver/build/naodriver/prefix_override:/home/abubakar/nao_drive/naodriver/install/naodriver/lib/python3.10/site-packages:${PYTHONPATH} /usr/bin/python3 setup.py egg_info --egg-base build/naodriver build --build-base /home/abubakar/nao_drive/naodriver/build/naodriver/build install --record /home/abubakar/nao_drive/naodriver/build/naodriver/install.log --single-version-externally-managed
[0.778s] running egg_info
[0.779s] writing build/naodriver/naodriver.egg-info/PKG-INFO
[0.785s] writing dependency_links to build/naodriver/naodriver.egg-info/dependency_links.txt
[0.788s] writing entry points to build/naodriver/naodriver.egg-info/entry_points.txt
[0.790s] writing requirements to build/naodriver/naodriver.egg-info/requires.txt
[0.793s] writing top-level names to build/naodriver/naodriver.egg-info/top_level.txt
[0.800s] reading manifest file 'build/naodriver/naodriver.egg-info/SOURCES.txt'
[0.802s] writing manifest file 'build/naodriver/naodriver.egg-info/SOURCES.txt'
[0.803s] running build
[0.804s] running build_py
[0.804s] running install
[0.804s] /usr/lib/python3/dist-packages/setuptools/command/install.py:34: SetuptoolsDeprecationWarning: setup.py install is deprecated. Use build and pip and other standards-based tools.
[0.805s]   warnings.warn(
[0.805s] running install_lib
[0.806s] running install_data
[0.807s] copying launch/robot_launch.py -> /home/abubakar/nao_drive/naodriver/install/naodriver/share/naodriver
[0.808s] running install_egg_info
[0.810s] removing '/home/abubakar/nao_drive/naodriver/install/naodriver/lib/python3.10/site-packages/naodriver-0.0.0-py3.10.egg-info' (and everything under it)
[0.810s] Copying build/naodriver/naodriver.egg-info to /home/abubakar/nao_drive/naodriver/install/naodriver/lib/python3.10/site-packages/naodriver-0.0.0-py3.10.egg-info
[0.811s] running install_scripts
[0.832s] writing list of installed files to '/home/abubakar/nao_drive/naodriver/build/naodriver/install.log'
[0.853s] Invoked command in '/home/abubakar/nao_drive/naodriver' returned '0': PYTHONPATH=/home/abubakar/nao_drive/naodriver/build/naodriver/prefix_override:/home/abubakar/nao_drive/naodriver/install/naodriver/lib/python3.10/site-packages:${PYTHONPATH} /usr/bin/python3 setup.py egg_info --egg-base build/naodriver build --build-base /home/abubakar/nao_drive/naodriver/build/naodriver/build install --record /home/abubakar/nao_drive/naodriver/build/naodriver/install.log --single-version-externally-managed
