[0.557s] Invoking command in '/home/abubakar/nao_drive/naodriver': PYTHONPATH=/home/abubakar/nao_drive/naodriver/build/naodriver/prefix_override:/home/abubakar/nao_drive/naodriver/install/naodriver/lib/python3.10/site-packages:${PYTHONPATH} /usr/bin/python3 setup.py egg_info --egg-base build/naodriver build --build-base /home/abubakar/nao_drive/naodriver/build/naodriver/build install --record /home/abubakar/nao_drive/naodriver/build/naodriver/install.log --single-version-externally-managed
[0.765s] running egg_info
[0.765s] writing build/naodriver/naodriver.egg-info/PKG-INFO
[0.766s] writing dependency_links to build/naodriver/naodriver.egg-info/dependency_links.txt
[0.772s] writing entry points to build/naodriver/naodriver.egg-info/entry_points.txt
[0.776s] writing requirements to build/naodriver/naodriver.egg-info/requires.txt
[0.778s] writing top-level names to build/naodriver/naodriver.egg-info/top_level.txt
[0.805s] reading manifest file 'build/naodriver/naodriver.egg-info/SOURCES.txt'
[0.807s] writing manifest file 'build/naodriver/naodriver.egg-info/SOURCES.txt'
[0.807s] running build
[0.807s] running build_py
[0.807s] running install
[0.808s] /usr/lib/python3/dist-packages/setuptools/command/install.py:34: SetuptoolsDeprecationWarning: setup.py install is deprecated. Use build and pip and other standards-based tools.
[0.808s]   warnings.warn(
[0.808s] running install_lib
[0.809s] running install_data
[0.810s] copying launch/robot_launch.py -> /home/abubakar/nao_drive/naodriver/install/naodriver/share/naodriver
[0.810s] running install_egg_info
[0.813s] removing '/home/abubakar/nao_drive/naodriver/install/naodriver/lib/python3.10/site-packages/naodriver-0.0.0-py3.10.egg-info' (and everything under it)
[0.813s] Copying build/naodriver/naodriver.egg-info to /home/abubakar/nao_drive/naodriver/install/naodriver/lib/python3.10/site-packages/naodriver-0.0.0-py3.10.egg-info
[0.814s] running install_scripts
[0.840s] Installing my_robot_driver script to /home/abubakar/nao_drive/naodriver/install/naodriver/lib/naodriver
[0.840s] writing list of installed files to '/home/abubakar/nao_drive/naodriver/build/naodriver/install.log'
[0.868s] Invoked command in '/home/abubakar/nao_drive/naodriver' returned '0': PYTHONPATH=/home/abubakar/nao_drive/naodriver/build/naodriver/prefix_override:/home/abubakar/nao_drive/naodriver/install/naodriver/lib/python3.10/site-packages:${PYTHONPATH} /usr/bin/python3 setup.py egg_info --egg-base build/naodriver build --build-base /home/abubakar/nao_drive/naodriver/build/naodriver/build install --record /home/abubakar/nao_drive/naodriver/build/naodriver/install.log --single-version-externally-managed
