running egg_info
writing build/naodriver/naodriver.egg-info/PKG-INFO
writing dependency_links to build/naodriver/naodriver.egg-info/dependency_links.txt
writing entry points to build/naodriver/naodriver.egg-info/entry_points.txt
writing requirements to build/naodriver/naodriver.egg-info/requires.txt
writing top-level names to build/naodriver/naodriver.egg-info/top_level.txt
reading manifest file 'build/naodriver/naodriver.egg-info/SOURCES.txt'
writing manifest file 'build/naodriver/naodriver.egg-info/SOURCES.txt'
running build
running build_py
copying naodriver/my_robot_driver.py -> /home/abubakar/nao_drive/naodriver/build/naodriver/build/lib/naodriver
running install
/usr/lib/python3/dist-packages/setuptools/command/install.py:34: SetuptoolsDeprecationWarning: setup.py install is deprecated. Use build and pip and other standards-based tools.
  warnings.warn(
running install_lib
copying /home/abubakar/nao_drive/naodriver/build/naodriver/build/lib/naodriver/my_robot_driver.py -> /home/abubakar/nao_drive/naodriver/install/naodriver/lib/python3.10/site-packages/naodriver
byte-compiling /home/abubakar/nao_drive/naodriver/install/naodriver/lib/python3.10/site-packages/naodriver/my_robot_driver.py to my_robot_driver.cpython-310.pyc
running install_data
copying launch/robot_launch.py -> /home/abubakar/nao_drive/naodriver/install/naodriver/share/naodriver
copying resource/nao_description.urdf -> /home/abubakar/nao_drive/naodriver/install/naodriver/share/naodriver/resource
copying resource/nao.urdf -> /home/abubakar/nao_drive/naodriver/install/naodriver/share/naodriver/resource
running install_egg_info
removing '/home/abubakar/nao_drive/naodriver/install/naodriver/lib/python3.10/site-packages/naodriver-0.0.0-py3.10.egg-info' (and everything under it)
Copying build/naodriver/naodriver.egg-info to /home/abubakar/nao_drive/naodriver/install/naodriver/lib/python3.10/site-packages/naodriver-0.0.0-py3.10.egg-info
running install_scripts
writing list of installed files to '/home/abubakar/nao_drive/naodriver/build/naodriver/install.log'
