[0.578s] Invoking command in '/home/abubakar/nao_drive/naodriver': PYTHONPATH=/home/abubakar/nao_drive/naodriver/build/naodriver/prefix_override:/home/abubakar/nao_drive/naodriver/install/naodriver/lib/python3.10/site-packages:${PYTHONPATH} /usr/bin/python3 setup.py egg_info --egg-base build/naodriver build --build-base /home/abubakar/nao_drive/naodriver/build/naodriver/build install --record /home/abubakar/nao_drive/naodriver/build/naodriver/install.log --single-version-externally-managed
[0.782s] running egg_info
[0.782s] writing build/naodriver/naodriver.egg-info/PKG-INFO
[0.783s] writing dependency_links to build/naodriver/naodriver.egg-info/dependency_links.txt
[0.790s] writing entry points to build/naodriver/naodriver.egg-info/entry_points.txt
[0.793s] writing requirements to build/naodriver/naodriver.egg-info/requires.txt
[0.795s] writing top-level names to build/naodriver/naodriver.egg-info/top_level.txt
[0.801s] reading manifest file 'build/naodriver/naodriver.egg-info/SOURCES.txt'
[0.802s] writing manifest file 'build/naodriver/naodriver.egg-info/SOURCES.txt'
[0.803s] running build
[0.803s] running build_py
[0.803s] copying naodriver/my_robot_driver.py -> /home/abubakar/nao_drive/naodriver/build/naodriver/build/lib/naodriver
[0.803s] running install
[0.803s] /usr/lib/python3/dist-packages/setuptools/command/install.py:34: SetuptoolsDeprecationWarning: setup.py install is deprecated. Use build and pip and other standards-based tools.
[0.803s]   warnings.warn(
[0.803s] running install_lib
[0.804s] copying /home/abubakar/nao_drive/naodriver/build/naodriver/build/lib/naodriver/my_robot_driver.py -> /home/abubakar/nao_drive/naodriver/install/naodriver/lib/python3.10/site-packages/naodriver
[0.805s] byte-compiling /home/abubakar/nao_drive/naodriver/install/naodriver/lib/python3.10/site-packages/naodriver/my_robot_driver.py to my_robot_driver.cpython-310.pyc
[0.805s] running install_data
[0.806s] copying launch/robot_launch.py -> /home/abubakar/nao_drive/naodriver/install/naodriver/share/naodriver
[0.806s] copying resource/nao_description.urdf -> /home/abubakar/nao_drive/naodriver/install/naodriver/share/naodriver/resource
[0.806s] copying resource/nao.urdf -> /home/abubakar/nao_drive/naodriver/install/naodriver/share/naodriver/resource
[0.806s] running install_egg_info
[0.808s] removing '/home/abubakar/nao_drive/naodriver/install/naodriver/lib/python3.10/site-packages/naodriver-0.0.0-py3.10.egg-info' (and everything under it)
[0.808s] Copying build/naodriver/naodriver.egg-info to /home/abubakar/nao_drive/naodriver/install/naodriver/lib/python3.10/site-packages/naodriver-0.0.0-py3.10.egg-info
[0.809s] running install_scripts
[0.828s] writing list of installed files to '/home/abubakar/nao_drive/naodriver/build/naodriver/install.log'
[0.851s] Invoked command in '/home/abubakar/nao_drive/naodriver' returned '0': PYTHONPATH=/home/abubakar/nao_drive/naodriver/build/naodriver/prefix_override:/home/abubakar/nao_drive/naodriver/install/naodriver/lib/python3.10/site-packages:${PYTHONPATH} /usr/bin/python3 setup.py egg_info --egg-base build/naodriver build --build-base /home/abubakar/nao_drive/naodriver/build/naodriver/build install --record /home/abubakar/nao_drive/naodriver/build/naodriver/install.log --single-version-externally-managed
