[0.694s] Invoking command in '/home/abubakar/nao_drive/naodriver': PYTHONPATH=/home/abubakar/nao_drive/naodriver/build/naodriver/prefix_override:/home/abubakar/nao_drive/naodriver/install/naodriver/lib/python3.10/site-packages:${PYTHONPATH} /usr/bin/python3 setup.py egg_info --egg-base build/naodriver build --build-base /home/abubakar/nao_drive/naodriver/build/naodriver/build install --record /home/abubakar/nao_drive/naodriver/build/naodriver/install.log --single-version-externally-managed
[0.899s] running egg_info
[0.900s] writing build/naodriver/naodriver.egg-info/PKG-INFO
[0.900s] writing dependency_links to build/naodriver/naodriver.egg-info/dependency_links.txt
[0.939s] writing entry points to build/naodriver/naodriver.egg-info/entry_points.txt
[0.940s] writing requirements to build/naodriver/naodriver.egg-info/requires.txt
[0.941s] writing top-level names to build/naodriver/naodriver.egg-info/top_level.txt
[0.947s] reading manifest file 'build/naodriver/naodriver.egg-info/SOURCES.txt'
[0.948s] writing manifest file 'build/naodriver/naodriver.egg-info/SOURCES.txt'
[0.948s] running build
[0.948s] running build_py
[0.948s] running install
[0.948s] /usr/lib/python3/dist-packages/setuptools/command/install.py:34: SetuptoolsDeprecationWarning: setup.py install is deprecated. Use build and pip and other standards-based tools.
[0.948s]   warnings.warn(
[0.948s] running install_lib
[0.949s] running install_data
[0.950s] running install_egg_info
[0.951s] removing '/home/abubakar/nao_drive/naodriver/install/naodriver/lib/python3.10/site-packages/naodriver-0.0.0-py3.10.egg-info' (and everything under it)
[0.951s] Copying build/naodriver/naodriver.egg-info to /home/abubakar/nao_drive/naodriver/install/naodriver/lib/python3.10/site-packages/naodriver-0.0.0-py3.10.egg-info
[0.952s] running install_scripts
[0.971s] writing list of installed files to '/home/abubakar/nao_drive/naodriver/build/naodriver/install.log'
[0.992s] Invoked command in '/home/abubakar/nao_drive/naodriver' returned '0': PYTHONPATH=/home/abubakar/nao_drive/naodriver/build/naodriver/prefix_override:/home/abubakar/nao_drive/naodriver/install/naodriver/lib/python3.10/site-packages:${PYTHONPATH} /usr/bin/python3 setup.py egg_info --egg-base build/naodriver build --build-base /home/abubakar/nao_drive/naodriver/build/naodriver/build install --record /home/abubakar/nao_drive/naodriver/build/naodriver/install.log --single-version-externally-managed
