running egg_info
creating build/naodriver/naodriver.egg-info
writing build/naodriver/naodriver.egg-info/PKG-INFO
writing dependency_links to build/naodriver/naodriver.egg-info/dependency_links.txt
writing entry points to build/naodriver/naodriver.egg-info/entry_points.txt
writing requirements to build/naodriver/naodriver.egg-info/requires.txt
writing top-level names to build/naodriver/naodriver.egg-info/top_level.txt
writing manifest file 'build/naodriver/naodriver.egg-info/SOURCES.txt'
reading manifest file 'build/naodriver/naodriver.egg-info/SOURCES.txt'
writing manifest file 'build/naodriver/naodriver.egg-info/SOURCES.txt'
running build
running build_py
creating /home/abubakar/nao_drive/naodriver/build/naodriver/build
creating /home/abubakar/nao_drive/naodriver/build/naodriver/build/lib
creating /home/abubakar/nao_drive/naodriver/build/naodriver/build/lib/naodriver
copying naodriver/__init__.py -> /home/abubakar/nao_drive/naodriver/build/naodriver/build/lib/naodriver
copying naodriver/my_robot_driver.py -> /home/abubakar/nao_drive/naodriver/build/naodriver/build/lib/naodriver
running install
running install_lib
creating /home/abubakar/nao_drive/naodriver/install/naodriver/lib/python3.10/site-packages/naodriver
copying /home/abubakar/nao_drive/naodriver/build/naodriver/build/lib/naodriver/__init__.py -> /home/abubakar/nao_drive/naodriver/install/naodriver/lib/python3.10/site-packages/naodriver
copying /home/abubakar/nao_drive/naodriver/build/naodriver/build/lib/naodriver/my_robot_driver.py -> /home/abubakar/nao_drive/naodriver/install/naodriver/lib/python3.10/site-packages/naodriver
byte-compiling /home/abubakar/nao_drive/naodriver/install/naodriver/lib/python3.10/site-packages/naodriver/__init__.py to __init__.cpython-310.pyc
byte-compiling /home/abubakar/nao_drive/naodriver/install/naodriver/lib/python3.10/site-packages/naodriver/my_robot_driver.py to my_robot_driver.cpython-310.pyc
running install_data
creating /home/abubakar/nao_drive/naodriver/install/naodriver/share/ament_index
creating /home/abubakar/nao_drive/naodriver/install/naodriver/share/ament_index/resource_index
creating /home/abubakar/nao_drive/naodriver/install/naodriver/share/ament_index/resource_index/packages
copying resource/naodriver -> /home/abubakar/nao_drive/naodriver/install/naodriver/share/ament_index/resource_index/packages
copying package.xml -> /home/abubakar/nao_drive/naodriver/install/naodriver/share/naodriver
copying launch/robot_launch.py -> /home/abubakar/nao_drive/naodriver/install/naodriver/share/naodriver
creating /home/abubakar/nao_drive/naodriver/install/naodriver/share/naodriver/resource
copying resource/nao.urdf -> /home/abubakar/nao_drive/naodriver/install/naodriver/share/naodriver/resource
running install_egg_info
Copying build/naodriver/naodriver.egg-info to /home/abubakar/nao_drive/naodriver/install/naodriver/lib/python3.10/site-packages/naodriver-0.0.0-py3.10.egg-info
running install_scripts
writing list of installed files to '/home/abubakar/nao_drive/naodriver/build/naodriver/install.log'
